2025-10-23 13:54:52,978 - INFO - Инициализация ETL Pipeline...
2025-10-23 13:54:53,026 - INFO - Сохранены таблицы сопоставлений
2025-10-23 13:54:53,026 - INFO - База данных: discount_rules.db
2025-10-23 13:54:53,448 - INFO - Авторизация успешна
2025-10-23 13:54:53,449 - INFO - Загрузка справочников...
2025-10-23 13:54:56,281 - INFO - Загружено 977 записей из locations
2025-10-23 13:54:56,326 - INFO - Загружено 16 записей из merchants
2025-10-23 13:55:01,544 - INFO - Загружено 1704 записей из terminals
2025-10-23 13:55:02,381 - INFO - Загружено 282 записей из sku_sets
2025-10-23 13:55:02,381 - INFO - Загрузка правил скидок...
2025-10-23 13:55:02,805 - ERROR - Критическая ошибка: Error binding parameter 22 - probably unsupported type.
2025-10-23 13:55:02,818 - INFO - ETL Pipeline завершен
2025-10-23 14:33:31,285 - INFO - Инициализация ETL Pipeline...
2025-10-23 14:33:31,366 - INFO - Сохранены таблицы сопоставлений
2025-10-23 14:33:31,366 - INFO - База данных: discount_rules.db
2025-10-23 14:33:31,818 - INFO - Авторизация успешна
2025-10-23 14:33:31,819 - INFO - Загрузка справочников...
2025-10-23 14:33:34,676 - INFO - Загружено 977 записей из locations
2025-10-23 14:33:34,722 - INFO - Загружено 16 записей из merchants
2025-10-23 14:33:40,658 - INFO - Загружено 1704 записей из terminals
2025-10-23 14:33:41,525 - INFO - Загружено 282 записей из sku_sets
2025-10-23 14:33:41,526 - INFO - Загрузка правил скидок...
2025-10-23 14:33:42,005 - INFO - Сохранено 100 правил скидок
2025-10-23 14:33:42,006 - INFO - Обработано 100/218 правил скидок
2025-10-23 14:33:42,691 - INFO - Сохранено 100 правил скидок
2025-10-23 14:33:42,691 - INFO - Обработано 200/218 правил скидок
2025-10-23 14:33:43,083 - INFO - Сохранено 18 правил скидок
2025-10-23 14:33:43,084 - INFO - Обработано 218/218 правил скидок
2025-10-23 14:33:43,084 - INFO - Всего обработано 218 правил скидок
2025-10-23 14:33:43,188 - INFO - ETL Pipeline завершен успешно
2025-10-23 14:33:43,205 - INFO - ETL Pipeline завершен
